<?xml version="1.0" encoding="UTF-8"?>
<!-- Generated by org.testng.reporters.JUnitReportReporter -->
<testsuite hostname="DESKTOP-9JCE1NT" failures="0" tests="2" name="TestScenario.TestCases" time="84.207" errors="0" timestamp="2023-06-26T11:26:34 EEST" skipped="0">
  <testcase classname="TestScenario.TestCases" name="A_test" time="33.573"/>
  <system-out/>
  <testcase classname="TestScenario.TestCases" name="B_tetst" time="50.634"/>
  <system-out/>
</testsuite> <!-- TestScenario.TestCases -->
